<?xml version="1.0" encoding="UTF-8"?>
<!-- Generated by org.testng.reporters.JUnitXMLReporter -->
<testsuite ignored="2" hostname="HASSEN-HP" failures="0" tests="1" name="Default test" time="0.082" errors="0" timestamp="2023-03-06T15:57:28 EST">
  <testcase classname="com.restassured.BuilderDesingPatternTest" name="builderTest3" time="0.017"/>
  <testcase classname="com.restassured.BuilderDesingPatternTest" name="builderTest" time="0.0">
    <ignored/>
  </testcase> <!-- builderTest -->
  <testcase classname="com.restassured.BuilderDesingPatternTest" name="builderTest2" time="0.0">
    <ignored/>
  </testcase> <!-- builderTest2 -->
</testsuite> <!-- Default test -->
