<?xml version="1.0" encoding="UTF-8"?>
<!-- Generated by org.testng.reporters.JUnitXMLReporter -->
<testsuite ignored="2" hostname="HASSEN-HP" failures="0" tests="1" name="Default test" time="0.095" errors="0" timestamp="2023-03-06T16:04:15 EST">
  <testcase classname="com.restassured.BuilderDesingPatternTest" name="builderLombokTest" time="0.026"/>
  <testcase classname="com.restassured.BuilderDesingPatternTest" name="builderTest" time="0.0">
    <ignored/>
  </testcase> <!-- builderTest -->
  <testcase classname="com.restassured.BuilderDesingPatternTest" name="builderStaticInnerClassTest" time="0.0">
    <ignored/>
  </testcase> <!-- builderStaticInnerClassTest -->
</testsuite> <!-- Default test -->
