<?xml version="1.0" encoding="UTF-8"?>
<testng-results ignored="0" total="1" passed="1" failed="0" skipped="0">
  <reporter-output>
  </reporter-output>
  <suite started-at="2023-03-02T11:22:11 EST" name="Default suite" finished-at="2023-03-02T11:22:17 EST" duration-ms="6683">
    <groups>
    </groups>
    <test started-at="2023-03-02T11:22:11 EST" name="Default test" finished-at="2023-03-02T11:22:17 EST" duration-ms="6683">
      <class name="com.RestAssured.PostRequestUsingPojo">
        <test-method signature="pojoTest()[pri:0, instance:com.RestAssured.PostRequestUsingPojo@65d6b83b]" started-at="2023-03-02T11:22:11 EST" name="pojoTest" finished-at="2023-03-02T11:22:17 EST" duration-ms="6591" status="PASS">
          <reporter-output>
          </reporter-output>
        </test-method> <!-- pojoTest -->
      </class> <!-- com.RestAssured.PostRequestUsingPojo -->
    </test> <!-- Default test -->
  </suite> <!-- Default suite -->
</testng-results>
